[     195ms] [INFO] %cDownload the React DevTools for a better development experience: https://react.dev/link/react-devtools font-weight:bold @ http://localhost:3000/_next/static/chunks/node_modules_next_dist_115brz8._.js:2431
[     209ms] [LOG] [HMR] connected @ http://localhost:3000/_next/static/chunks/node_modules_next_dist_115brz8._.js:2431
[     330ms] [LOG] [Fast Refresh] rebuilding @ http://localhost:3000/_next/static/chunks/node_modules_next_dist_115brz8._.js:2431
[     710ms] [LOG] [Fast Refresh] done in 481ms @ http://localhost:3000/_next/static/chunks/node_modules_next_dist_115brz8._.js:2431
[    1234ms] [LOG] [Fast Refresh] rebuilding @ http://localhost:3000/_next/static/chunks/node_modules_next_dist_115brz8._.js:2431
[    1357ms] [LOG] [Fast Refresh] done in 224ms @ http://localhost:3000/_next/static/chunks/node_modules_next_dist_115brz8._.js:2431
[   83642ms] [ERROR] WebSocket connection to 'ws://localhost:3000/_next/webpack-hmr?id=MSbJhEC65hQGiewbURsUX' failed:  @ http://localhost:3000/_next/static/chunks/node_modules_next_dist_client_0fhqo1d._.js:13299
[   84651ms] [ERROR] WebSocket connection to 'ws://localhost:3000/_next/webpack-hmr?id=MSbJhEC65hQGiewbURsUX' failed: Error in connection establishment: net::ERR_CONNECTION_REFUSED @ http://localhost:3000/_next/static/chunks/node_modules_next_dist_client_0fhqo1d._.js:13299
[   85654ms] [ERROR] WebSocket connection to 'ws://localhost:3000/_next/webpack-hmr?id=MSbJhEC65hQGiewbURsUX' failed: Error in connection establishment: net::ERR_CONNECTION_REFUSED @ http://localhost:3000/_next/static/chunks/node_modules_next_dist_client_0fhqo1d._.js:13299
[   86659ms] [ERROR] WebSocket connection to 'ws://localhost:3000/_next/webpack-hmr?id=MSbJhEC65hQGiewbURsUX' failed: Error in connection establishment: net::ERR_CONNECTION_REFUSED @ http://localhost:3000/_next/static/chunks/node_modules_next_dist_client_0fhqo1d._.js:13299
[   87663ms] [ERROR] WebSocket connection to 'ws://localhost:3000/_next/webpack-hmr?id=MSbJhEC65hQGiewbURsUX' failed: Error in connection establishment: net::ERR_CONNECTION_REFUSED @ http://localhost:3000/_next/static/chunks/node_modules_next_dist_client_0fhqo1d._.js:13299
[   88669ms] [ERROR] WebSocket connection to 'ws://localhost:3000/_next/webpack-hmr?id=MSbJhEC65hQGiewbURsUX' failed: Error in connection establishment: net::ERR_CONNECTION_REFUSED @ http://localhost:3000/_next/static/chunks/node_modules_next_dist_client_0fhqo1d._.js:13299
[   93675ms] [ERROR] WebSocket connection to 'ws://localhost:3000/_next/webpack-hmr?id=MSbJhEC65hQGiewbURsUX' failed: Error in connection establishment: net::ERR_CONNECTION_REFUSED @ http://localhost:3000/_next/static/chunks/node_modules_next_dist_client_0fhqo1d._.js:13299
[   98684ms] [ERROR] WebSocket connection to 'ws://localhost:3000/_next/webpack-hmr?id=MSbJhEC65hQGiewbURsUX' failed: Error in connection establishment: net::ERR_CONNECTION_REFUSED @ http://localhost:3000/_next/static/chunks/node_modules_next_dist_client_0fhqo1d._.js:13299
[  103712ms] [ERROR] WebSocket connection to 'ws://localhost:3000/_next/webpack-hmr?id=MSbJhEC65hQGiewbURsUX' failed: Error in connection establishment: net::ERR_CONNECTION_REFUSED @ http://localhost:3000/_next/static/chunks/node_modules_next_dist_client_0fhqo1d._.js:13299
[  108757ms] [ERROR] WebSocket connection to 'ws://localhost:3000/_next/webpack-hmr?id=MSbJhEC65hQGiewbURsUX' failed: Error in connection establishment: net::ERR_CONNECTION_REFUSED @ http://localhost:3000/_next/static/chunks/node_modules_next_dist_client_0fhqo1d._.js:13299
[  113780ms] [ERROR] WebSocket connection to 'ws://localhost:3000/_next/webpack-hmr?id=MSbJhEC65hQGiewbURsUX' failed: Error in connection establishment: net::ERR_CONNECTION_REFUSED @ http://localhost:3000/_next/static/chunks/node_modules_next_dist_client_0fhqo1d._.js:13299
[  118834ms] [ERROR] WebSocket connection to 'ws://localhost:3000/_next/webpack-hmr?id=MSbJhEC65hQGiewbURsUX' failed: Error in connection establishment: net::ERR_CONNECTION_REFUSED @ http://localhost:3000/_next/static/chunks/node_modules_next_dist_client_0fhqo1d._.js:13299
[  124131ms] [ERROR] WebSocket connection to 'ws://localhost:3000/_next/webpack-hmr?id=MSbJhEC65hQGiewbURsUX' failed: Error in connection establishment: net::ERR_CONNECTION_REFUSED @ http://localhost:3000/_next/static/chunks/node_modules_next_dist_client_0fhqo1d._.js:13299
[ 1448910ms] [INFO] %cDownload the React DevTools for a better development experience: https://react.dev/link/react-devtools font-weight:bold @ http://localhost:3000/_next/static/chunks/node_modules_next_dist_115brz8._.js:2431
[ 1448970ms] [LOG] [HMR] connected @ http://localhost:3000/_next/static/chunks/node_modules_next_dist_115brz8._.js:2431
