[    2240ms] [LOG] Running frontend commit 1bdddfefe08228e97206922de97aa2f90db8860c @ https://www.figma.com/design/Z9PgviRxhx5qWFpQJmlbvQ/Portfolio?node-id=2284-10461&t=HwAnf3pb6QEHvqdc-1:592
[    3505ms] [WARNING] Statsig is not ready to log exposures, will retry in 1 seconds @ https://www.figma.com/webpack-artifacts/assets/vendor-core-229ba1ea832d24ba.min.js.br:53
[    4021ms] [ERROR] Failed to load resource: the server responded with a status of 401 () @ https://www.figma.com/api/statsig/v1_ruleset:0
[    4023ms] [ERROR] Failed to fetch v1 ruleset: C: XHR for "/api/statsig/v1_ruleset" failed with status 401
    at R (https://www.figma.com/webpack-artifacts/assets/9969-69f8f185edb11656.min.js.br:1395:11260)
    at async Object.P [as get] (https://www.figma.com/webpack-artifacts/assets/9969-69f8f185edb11656.min.js.br:1395:11643)
    at async https://www.figma.com/webpack-artifacts/assets/9969-69f8f185edb11656.min.js.br:1088:209147
    at async g.validate (https://www.figma.com/webpack-artifacts/assets/9969-69f8f185edb11656.min.js.br:1375:5958)
    at async b (https://www.figma.com/webpack-artifacts/assets/9969-69f8f185edb11656.min.js.br:1356:177052)
    at async A (https://www.figma.com/webpack-artifacts/assets/9969-69f8f185edb11656.min.js.br:1356:176256)
    at async Object.write (https://www.figma.com/webpack-artifacts/assets/9969-69f8f185edb11656.min.js.br:1356:175875) @ https://www.figma.com/webpack-artifacts/assets/vendor-core-229ba1ea832d24ba.min.js.br:53
[    4039ms] [INFO] Slow network is detected. See https://www.chromestatus.com/feature/5636954674692096 for more details. Fallback font will be used while loading: https://static.figma.com/webfont/1/SourceCodePro-Medium.woff2 @ https://www.figma.com/webpack-artifacts/assets/9969-69f8f185edb11656.min.js.br:180
[   16479ms] [INFO] [Fullscreen] Booting... (emscripten version 4.0.21) @ https://www.figma.com/webpack-artifacts/assets/vendor-core-229ba1ea832d24ba.min.js.br:53
[   16567ms] [INFO] [GPU] graphicsAPI:"WebGL 2", vendor:"Google Inc. (Apple)", renderer:"ANGLE (Apple, ANGLE Metal Renderer: Apple M1 Pro, Unspecified Version)" version:"OpenGL ES 3.0 (WebGL 2.0 (OpenGL ES 3.0 Chromium))" @ https://www.figma.com/webpack-artifacts/assets/vendor-core-229ba1ea832d24ba.min.js.br:53
[   16571ms] [LOG] [Fullscreen] Ready in 12532.2ms @ https://www.figma.com/webpack-artifacts/assets/vendor-core-229ba1ea832d24ba.min.js.br:53
[   16669ms] [INFO] [FullscreenApp] calling setEditorTheme and setting preference light @ https://www.figma.com/webpack-artifacts/assets/vendor-core-229ba1ea832d24ba.min.js.br:53
[   16700ms] [INFO] [MultiplayerSession] connecting to wss://www.figma.com/api/multiplayer/Z9PgviRxhx5qWFpQJmlbvQ?role=editor&tracking_session_id=OcLsW0S82EXhFKue&version=152&recentReload=0&file-load-streaming-compression&scenegraph-queries-initial-nodes=2284:10461&client_release=1bdddfefe08228e97206922de97aa2f90db8860c @ https://www.figma.com/webpack-artifacts/assets/vendor-core-229ba1ea832d24ba.min.js.br:53
[   16712ms] [INFO] [MultiplayerSession] Joining file version 106 (initial load) @ https://www.figma.com/webpack-artifacts/assets/vendor-core-229ba1ea832d24ba.min.js.br:53
[   17690ms] [WARNING] Canvas2D: Multiple readback operations using getImageData are faster with the willReadFrequently attribute set to true. See: https://html.spec.whatwg.org/multipage/canvas.html#concept-canvas-will-read-frequently @ https://static.figma.com/fullscreen/6121d85f35f434d092ef7757e772a23a1853fc61/fullscreen-wasm/compiled_wasm.js.br:1
[   17776ms] [WARNING] Canvas2D: Multiple readback operations using getImageData are faster with the willReadFrequently attribute set to true. See: https://html.spec.whatwg.org/multipage/canvas.html#concept-canvas-will-read-frequently @ https://static.figma.com/fullscreen/6121d85f35f434d092ef7757e772a23a1853fc61/fullscreen-wasm/compiled_wasm.js.br:1
[   17813ms] [INFO] afterJoinEnd PageSyncing: Loaded incrementally {loaded_pages: 2253:1648} @ https://www.figma.com/webpack-artifacts/assets/vendor-core-229ba1ea832d24ba.min.js.br:53
[   17819ms] [INFO] [FullscreenApp] calling setEditorTheme and setting preference light @ https://www.figma.com/webpack-artifacts/assets/vendor-core-229ba1ea832d24ba.min.js.br:53
[   17987ms] [LOG] [import] git: 1bdddfefe08228e97206922de97aa2f90db8860c, stamp: 06AAB0C031A1258E @ https://www.figma.com/webpack-artifacts/assets/vendor-core-229ba1ea832d24ba.min.js.br:53
[   17992ms] [LOG] Loaded 166 scripts (9689055b), 164 from cache (9367744b) @ https://www.figma.com/webpack-artifacts/assets/vendor-core-229ba1ea832d24ba.min.js.br:53
[   18060ms] [ERROR] Failed to load resource: the server responded with a status of 401 () @ https://www.figma.com/api/mobile_app_push/Z9PgviRxhx5qWFpQJmlbvQ:0
[   18075ms] C: XHR for "/api/mobile_app_push/Z9PgviRxhx5qWFpQJmlbvQ" failed with status 401
    at R (https://www.figma.com/webpack-artifacts/assets/9969-69f8f185edb11656.min.js.br:1395:11260)
    at async R.a [as post] (https://www.figma.com/webpack-artifacts/assets/9969-69f8f185edb11656.min.js.br:1395:11890)
[   18291ms] [LOG] [Fullscreen] loadtime=17.66s maxmem=45600140 @ https://www.figma.com/webpack-artifacts/assets/vendor-core-229ba1ea832d24ba.min.js.br:53
[   18630ms] [ERROR] Failed to load resource: the server responded with a status of 401 () @ https://www.figma.com/api/folders/20064494:0
[   18664ms] C: XHR for "/api/folders/20064494" failed with status 401
    at R (https://www.figma.com/webpack-artifacts/assets/9969-69f8f185edb11656.min.js.br:1395:11260)
    at async Object.P [as get] (https://www.figma.com/webpack-artifacts/assets/9969-69f8f185edb11656.min.js.br:1395:11643)
    at async https://www.figma.com/webpack-artifacts/assets/9969-69f8f185edb11656.min.js.br:1088:150040
    at async g.validate (https://www.figma.com/webpack-artifacts/assets/9969-69f8f185edb11656.min.js.br:1375:5958)
    at async h.fetchObject (https://www.figma.com/webpack-artifacts/assets/9969-69f8f185edb11656.min.js.br:347:159236)
    at async f (https://www.figma.com/webpack-artifacts/assets/9969-69f8f185edb11656.min.js.br:347:139539)
[   19029ms] [ERROR] Failed to load resource: the server responded with a status of 401 () @ https://www.figma.com/api/design_systems/libraries_by_library_keys:0
[   22949ms] [INFO] [Image] Generating thumbnail from image , drop 3 mips, 1666x2499 15.88 MB to 209x313 0.25 MB @ https://www.figma.com/webpack-artifacts/assets/vendor-core-229ba1ea832d24ba.min.js.br:53
[   23375ms] [WARNING] Canvas2D: Multiple readback operations using getImageData are faster with the willReadFrequently attribute set to true. See: https://html.spec.whatwg.org/multipage/canvas.html#concept-canvas-will-read-frequently @ https://www.figma.com/webpack-artifacts/assets/figma_app-9885de79e2da252b.min.js.br:45
[   23423ms] [INFO] [Image] Generating thumbnail from image , drop 3 mips, 2499x1899 18.10 MB to 313x238 0.28 MB @ https://www.figma.com/webpack-artifacts/assets/vendor-core-229ba1ea832d24ba.min.js.br:53
[   23499ms] [INFO] [Image] Generating thumbnail from image , drop 3 mips, 1875x2500 17.88 MB to 235x313 0.28 MB @ https://www.figma.com/webpack-artifacts/assets/vendor-core-229ba1ea832d24ba.min.js.br:53
[   23549ms] [INFO] [Image] Generating thumbnail from image , drop 3 mips, 1738x2399 15.91 MB to 218x300 0.25 MB @ https://www.figma.com/webpack-artifacts/assets/vendor-core-229ba1ea832d24ba.min.js.br:53
[   23987ms] [INFO] [Image] Generating thumbnail from image , drop 3 mips, 2499x1666 15.88 MB to 313x209 0.25 MB @ https://www.figma.com/webpack-artifacts/assets/vendor-core-229ba1ea832d24ba.min.js.br:53
