[    1546ms] [LOG] Running frontend commit 1bdddfefe08228e97206922de97aa2f90db8860c @ https://www.figma.com/proto/Z9PgviRxhx5qWFpQJmlbvQ/Portfolio?node-id=2284-10461&scaling=scale-down&hide-ui=1:503
[    2642ms] [WARNING] Statsig is not ready to log exposures, will retry in 1 seconds @ https://www.figma.com/webpack-artifacts/assets/vendor-core-229ba1ea832d24ba.min.js.br:53
[    2777ms] [LOG] [import] git: 1bdddfefe08228e97206922de97aa2f90db8860c, stamp: 06AAB0C031A1258E @ https://www.figma.com/webpack-artifacts/assets/vendor-core-229ba1ea832d24ba.min.js.br:53
[    3062ms] [ERROR] Failed to load resource: the server responded with a status of 401 () @ https://www.figma.com/api/statsig/v1_ruleset:0
[    3063ms] [ERROR] Failed to fetch v1 ruleset: C: XHR for "/api/statsig/v1_ruleset" failed with status 401
    at R (https://www.figma.com/webpack-artifacts/assets/9969-69f8f185edb11656.min.js.br:1395:11260)
    at async Object.P [as get] (https://www.figma.com/webpack-artifacts/assets/9969-69f8f185edb11656.min.js.br:1395:11643)
    at async https://www.figma.com/webpack-artifacts/assets/9969-69f8f185edb11656.min.js.br:1088:209147
    at async g.validate (https://www.figma.com/webpack-artifacts/assets/9969-69f8f185edb11656.min.js.br:1375:5958)
    at async b (https://www.figma.com/webpack-artifacts/assets/9969-69f8f185edb11656.min.js.br:1356:177052)
    at async A (https://www.figma.com/webpack-artifacts/assets/9969-69f8f185edb11656.min.js.br:1356:176256)
    at async Object.write (https://www.figma.com/webpack-artifacts/assets/9969-69f8f185edb11656.min.js.br:1356:175875) @ https://www.figma.com/webpack-artifacts/assets/vendor-core-229ba1ea832d24ba.min.js.br:53
[    4353ms] [VERBOSE] Rendering was performed in a subtree hidden by content-visibility. @ :3119
[    4354ms] [VERBOSE] Rendering was performed in a subtree hidden by content-visibility. @ :2773
[    4355ms] [VERBOSE] Rendering was performed in a subtree hidden by content-visibility. @ :2773
[    4356ms] [VERBOSE] Rendering was performed in a subtree hidden by content-visibility. @ :2773
[    4356ms] [VERBOSE] Rendering was performed in a subtree hidden by content-visibility. @ :2773
[    4356ms] [VERBOSE] Rendering was performed in a subtree hidden by content-visibility. @ :2773
[    4356ms] [VERBOSE] Rendering was performed in a subtree hidden by content-visibility. @ :2773
[    7103ms] [INFO] [PrototypeLib] Booting... (emscripten version 4.0.21) @ https://www.figma.com/webpack-artifacts/assets/vendor-core-229ba1ea832d24ba.min.js.br:53
[    7187ms] [INFO] [GPU] graphicsAPI:"WebGL 2", vendor:"Google Inc. (Apple)", renderer:"ANGLE (Apple, ANGLE Metal Renderer: Apple M1 Pro, Unspecified Version)" version:"OpenGL ES 2.0 (WebGL 2.0 (OpenGL ES 3.0 Chromium))" @ https://www.figma.com/webpack-artifacts/assets/vendor-core-229ba1ea832d24ba.min.js.br:53
[    7900ms] [VERBOSE] Rendering was performed in a subtree hidden by content-visibility. @ :3119
[    7900ms] [VERBOSE] Rendering was performed in a subtree hidden by content-visibility. @ :2773
[    7900ms] [VERBOSE] Rendering was performed in a subtree hidden by content-visibility. @ :2773
[    7900ms] [VERBOSE] Rendering was performed in a subtree hidden by content-visibility. @ :2773
[    7901ms] [VERBOSE] Rendering was performed in a subtree hidden by content-visibility. @ :2773
[    7901ms] [VERBOSE] Rendering was performed in a subtree hidden by content-visibility. @ :2773
[    7901ms] [VERBOSE] Rendering was performed in a subtree hidden by content-visibility. @ :2773
[   13364ms] [ERROR] Failed to load resource: the server responded with a status of 401 () @ https://www.figma.com/api/files/Z9PgviRxhx5qWFpQJmlbvQ/prototype/view:0
[   16784ms] [VERBOSE] Rendering was performed in a subtree hidden by content-visibility. @ :2773
[   16784ms] [VERBOSE] Rendering was performed in a subtree hidden by content-visibility. @ :2773
[   16784ms] [VERBOSE] Rendering was performed in a subtree hidden by content-visibility. @ :2773
[   16784ms] [VERBOSE] Rendering was performed in a subtree hidden by content-visibility. @ :2773
[   16784ms] [VERBOSE] Rendering was performed in a subtree hidden by content-visibility. @ :2773
[   16784ms] [VERBOSE] Rendering was performed in a subtree hidden by content-visibility. @ :2773
[   22530ms] [VERBOSE] Rendering was performed in a subtree hidden by content-visibility. @ :3119
[   22532ms] [VERBOSE] Rendering was performed in a subtree hidden by content-visibility. @ :2773
[   22532ms] [VERBOSE] Rendering was performed in a subtree hidden by content-visibility. @ :2773
[   22532ms] [VERBOSE] Rendering was performed in a subtree hidden by content-visibility. @ :2773
[   22532ms] [VERBOSE] Rendering was performed in a subtree hidden by content-visibility. @ :2773
[   22532ms] [VERBOSE] Rendering was performed in a subtree hidden by content-visibility. @ :2773
[   22532ms] [VERBOSE] Rendering was performed in a subtree hidden by content-visibility. @ :2773
