[    3455ms] [LOG] Running frontend commit b74461b294a2d8e0e5d266b58d322fed41a46d54 @ https://www.figma.com/design/Z9PgviRxhx5qWFpQJmlbvQ/Portfolio?node-id=2199-17262:590
[    5314ms] [WARNING] Statsig is not ready to log exposures, will retry in 1 seconds @ https://www.figma.com/webpack-artifacts/assets/vendor-core-229ba1ea832d24ba.min.js.br:53
[    5830ms] [INFO] Slow network is detected. See https://www.chromestatus.com/feature/5636954674692096 for more details. Fallback font will be used while loading: https://static.figma.com/webfont/1/SourceCodePro-Medium.woff2 @ https://www.figma.com/webpack-artifacts/assets/3510-e3e4df8ae30e6a67.min.js.br:180
[    5982ms] [ERROR] Failed to load resource: the server responded with a status of 401 () @ https://www.figma.com/api/statsig/v1_ruleset:0
[    5983ms] [ERROR] Failed to fetch v1 ruleset: T: XHR for "/api/statsig/v1_ruleset" failed with status 401
    at N (https://www.figma.com/webpack-artifacts/assets/3510-e3e4df8ae30e6a67.min.js.br:1403:11227)
    at async Object.R [as get] (https://www.figma.com/webpack-artifacts/assets/3510-e3e4df8ae30e6a67.min.js.br:1403:11610)
    at async https://www.figma.com/webpack-artifacts/assets/3510-e3e4df8ae30e6a67.min.js.br:1096:210408
    at async g.validate (https://www.figma.com/webpack-artifacts/assets/3510-e3e4df8ae30e6a67.min.js.br:1383:5958)
    at async b (https://www.figma.com/webpack-artifacts/assets/3510-e3e4df8ae30e6a67.min.js.br:1364:188977)
    at async A (https://www.figma.com/webpack-artifacts/assets/3510-e3e4df8ae30e6a67.min.js.br:1364:188181)
    at async Object.write (https://www.figma.com/webpack-artifacts/assets/3510-e3e4df8ae30e6a67.min.js.br:1364:187800) @ https://www.figma.com/webpack-artifacts/assets/vendor-core-229ba1ea832d24ba.min.js.br:53
[    7372ms] [INFO] [Fullscreen] Booting... (emscripten version 4.0.21) @ https://www.figma.com/webpack-artifacts/assets/vendor-core-229ba1ea832d24ba.min.js.br:53
[    7467ms] [INFO] [GPU] graphicsAPI:"WebGL 2", vendor:"Google Inc. (Apple)", renderer:"ANGLE (Apple, ANGLE Metal Renderer: Apple M1 Pro, Unspecified Version)" version:"OpenGL ES 3.0 (WebGL 2.0 (OpenGL ES 3.0 Chromium))" @ https://www.figma.com/webpack-artifacts/assets/vendor-core-229ba1ea832d24ba.min.js.br:53
[    7471ms] [LOG] [Fullscreen] Ready in 1641.1ms @ https://www.figma.com/webpack-artifacts/assets/vendor-core-229ba1ea832d24ba.min.js.br:53
[    7619ms] [INFO] [FullscreenApp] calling setEditorTheme and setting preference light @ https://www.figma.com/webpack-artifacts/assets/vendor-core-229ba1ea832d24ba.min.js.br:53
[    7648ms] [INFO] [MultiplayerSession] connecting to wss://www.figma.com/api/multiplayer/Z9PgviRxhx5qWFpQJmlbvQ?role=editor&tracking_session_id=MN61yhk2Qs95TAbf&version=152&recentReload=0&file-load-streaming-compression&scenegraph-queries-initial-nodes=2199:17262&client_release=b74461b294a2d8e0e5d266b58d322fed41a46d54 @ https://www.figma.com/webpack-artifacts/assets/vendor-core-229ba1ea832d24ba.min.js.br:53
[    7658ms] [INFO] [FullscreenApp] calling setEditorTheme and setting preference light @ https://www.figma.com/webpack-artifacts/assets/vendor-core-229ba1ea832d24ba.min.js.br:53
[    8078ms] [INFO] [MultiplayerSession] Joining file version 106 (initial load) @ https://www.figma.com/webpack-artifacts/assets/vendor-core-229ba1ea832d24ba.min.js.br:53
[    8377ms] [LOG] Migration succeeded: context: fullscreen_migrate_SceneGraphManager, version: 106, duration: 0ms. @ https://www.figma.com/webpack-artifacts/assets/vendor-core-229ba1ea832d24ba.min.js.br:53
[   11737ms] [WARNING] Canvas2D: Multiple readback operations using getImageData are faster with the willReadFrequently attribute set to true. See: https://html.spec.whatwg.org/multipage/canvas.html#concept-canvas-will-read-frequently @ https://static.figma.com/fullscreen/b74461b294a2d8e0e5d266b58d322fed41a46d54/fullscreen-wasm/compiled_wasm.js.br:1
[   12422ms] [WARNING] Canvas2D: Multiple readback operations using getImageData are faster with the willReadFrequently attribute set to true. See: https://html.spec.whatwg.org/multipage/canvas.html#concept-canvas-will-read-frequently @ https://static.figma.com/fullscreen/b74461b294a2d8e0e5d266b58d322fed41a46d54/fullscreen-wasm/compiled_wasm.js.br:1
[   12510ms] [INFO] afterJoinEnd PageSyncing: Loaded incrementally {loaded_pages: 977:3079} @ https://www.figma.com/webpack-artifacts/assets/vendor-core-229ba1ea832d24ba.min.js.br:53
[   12897ms] [ERROR] Failed to load resource: the server responded with a status of 401 () @ https://www.figma.com/api/folders/20064494:0
[   13723ms] T: XHR for "/api/folders/20064494" failed with status 401
    at N (https://www.figma.com/webpack-artifacts/assets/3510-e3e4df8ae30e6a67.min.js.br:1403:11227)
    at async Object.R [as get] (https://www.figma.com/webpack-artifacts/assets/3510-e3e4df8ae30e6a67.min.js.br:1403:11610)
    at async https://www.figma.com/webpack-artifacts/assets/3510-e3e4df8ae30e6a67.min.js.br:1096:151627
    at async g.validate (https://www.figma.com/webpack-artifacts/assets/3510-e3e4df8ae30e6a67.min.js.br:1383:5958)
    at async h.fetchObject (https://www.figma.com/webpack-artifacts/assets/3510-e3e4df8ae30e6a67.min.js.br:347:160122)
    at async f (https://www.figma.com/webpack-artifacts/assets/3510-e3e4df8ae30e6a67.min.js.br:347:140425)
[   13761ms] [LOG] [import] git: b74461b294a2d8e0e5d266b58d322fed41a46d54, stamp: CC54774DF50D9BEC @ https://www.figma.com/webpack-artifacts/assets/vendor-core-229ba1ea832d24ba.min.js.br:53
[   13790ms] [LOG] [Fullscreen] loadtime=12.43s maxmem=34646124 @ https://www.figma.com/webpack-artifacts/assets/vendor-core-229ba1ea832d24ba.min.js.br:53
[   14658ms] [ERROR] Failed to load resource: the server responded with a status of 401 () @ https://www.figma.com/api/design_systems/libraries_by_library_keys:0
[   15836ms] [LOG] Loaded 119 scripts (8617529b), 0 from cache (0b) @ https://www.figma.com/webpack-artifacts/assets/vendor-core-229ba1ea832d24ba.min.js.br:53
[   24802ms] [INFO] [Image] Generating thumbnail from image , drop 3 mips, 2560x2160 21.09 MB to 320x270 0.33 MB @ https://www.figma.com/webpack-artifacts/assets/vendor-core-229ba1ea832d24ba.min.js.br:53
[ 2716090ms] [LOG] [Livegraph] Connection closed. Code: 1006, reason:  @ https://www.figma.com/webpack-artifacts/assets/vendor-core-229ba1ea832d24ba.min.js.br:53
[ 2717425ms] [INFO] [MultiplayerSession] connecting to wss://www.figma.com/api/multiplayer/Z9PgviRxhx5qWFpQJmlbvQ?role=editor&tracking_session_id=MN61yhk2Qs95TAbf&version=152&recentReload=0&file-load-streaming-compression=&scenegraph-queries-initial-nodes=977%3A3079&client_release=b74461b294a2d8e0e5d266b58d322fed41a46d54&reconnect-key=efcd203429578f898ecf67e12b6872090b1a8d25&reconnect-sequence-number=133944&initialFileVersion=106&previousLoadMode=incremental&incremental-loading-validation=0 @ https://www.figma.com/webpack-artifacts/assets/vendor-core-229ba1ea832d24ba.min.js.br:53
[ 2720527ms] [INFO] [MultiplayerSession] Joining file version 106 (skip_reload reconnect) @ https://www.figma.com/webpack-artifacts/assets/vendor-core-229ba1ea832d24ba.min.js.br:53
[ 2720544ms] [INFO] afterJoinEnd PageSyncing: Loaded incrementally {loaded_pages: 977:3079} @ https://www.figma.com/webpack-artifacts/assets/vendor-core-229ba1ea832d24ba.min.js.br:53
[ 3569085ms] [INFO] [MultiplayerSession] connecting to wss://www.figma.com/api/multiplayer/Z9PgviRxhx5qWFpQJmlbvQ?role=editor&tracking_session_id=MN61yhk2Qs95TAbf&version=152&recentReload=0&file-load-streaming-compression=&scenegraph-queries-initial-nodes=977%3A3079&client_release=b74461b294a2d8e0e5d266b58d322fed41a46d54&reconnect-key=efcd203429578f898ecf67e12b6872090b1a8d25&reconnect-sequence-number=133944&initialFileVersion=106&previousLoadMode=incremental&incremental-loading-validation=0 @ https://www.figma.com/webpack-artifacts/assets/vendor-core-229ba1ea832d24ba.min.js.br:53
[ 3569214ms] [ERROR] WebSocket connection to 'wss://www.figma.com/api/multiplayer/Z9PgviRxhx5qWFpQJmlbvQ?role=editor&tracking_session_id=MN61yhk2Qs95TAbf&version=152&recentReload=0&file-load-streaming-compression=&scenegraph-queries-initial-nodes=977%3A3079&client_release=b74461b294a2d8e0e5d266b58d322fed41a46d54&reconnect-key=efcd203429578f898ecf67e12b6872090b1a8d25&reconnect-sequence-number=133944&initialFileVersion=106&previousLoadMode=incremental&incremental-loading-validation=0' failed: Error in connection establishment: net::ERR_INTERNET_DISCONNECTED @ https://www.figma.com/webpack-artifacts/assets/4391-ceb5d4409e80b1ec.min.js.br:2
[ 3569244ms] [ERROR] Failed to load resource: net::ERR_INTERNET_DISCONNECTED @ https://www.figma.com/api/figment-proxy/monitor:0
[ 3569311ms] [ERROR] Failed to load resource: net::ERR_INTERNET_DISCONNECTED @ https://www.figma.com/api/web_logger/metrics_batched:0
[ 3569311ms] [ERROR] Failed to load resource: net::ERR_INTERNET_DISCONNECTED @ https://www.figma.com/api/web_logger/histogram_batched:0
[ 3569316ms] [ERROR] Failed to load resource: net::ERR_INTERNET_DISCONNECTED @ https://www.figma.com/api/web_logger/metrics_batched:0
[ 3569319ms] [ERROR] Failed to load resource: net::ERR_INTERNET_DISCONNECTED @ https://www.figma.com/api/web_logger/histogram_batched:0
[ 3569373ms] [ERROR] Failed to load resource: net::ERR_INTERNET_DISCONNECTED @ https://events.statsigapi.net/v1/rgstr:0
[ 3570406ms] [ERROR] Failed to load resource: net::ERR_INTERNET_DISCONNECTED @ https://www.figma.com/api/figment-proxy/monitor:0
[ 3570407ms] [ERROR] Failed to load resource: net::ERR_INTERNET_DISCONNECTED @ https://events.statsigapi.net/v1/rgstr:0
[ 3570687ms] [LOG] [Livegraph] Connection closed. Code: 1006, reason:  @ https://www.figma.com/webpack-artifacts/assets/vendor-core-229ba1ea832d24ba.min.js.br:53
[ 3570974ms] [INFO] [MultiplayerSession] connecting to wss://www.figma.com/api/multiplayer/Z9PgviRxhx5qWFpQJmlbvQ?role=editor&tracking_session_id=MN61yhk2Qs95TAbf&version=152&recentReload=0&file-load-streaming-compression=&scenegraph-queries-initial-nodes=977%3A3079&client_release=b74461b294a2d8e0e5d266b58d322fed41a46d54&reconnect-key=efcd203429578f898ecf67e12b6872090b1a8d25&reconnect-sequence-number=133944&initialFileVersion=106&previousLoadMode=incremental&incremental-loading-validation=0 @ https://www.figma.com/webpack-artifacts/assets/vendor-core-229ba1ea832d24ba.min.js.br:53
[ 3575060ms] [INFO] [MultiplayerSession] Joining file version 106 (skip_reload reconnect) @ https://www.figma.com/webpack-artifacts/assets/vendor-core-229ba1ea832d24ba.min.js.br:53
[ 3575062ms] [INFO] afterJoinEnd PageSyncing: Loaded incrementally {loaded_pages: 977:3079} @ https://www.figma.com/webpack-artifacts/assets/vendor-core-229ba1ea832d24ba.min.js.br:53
[ 7463489ms] [LOG] [Livegraph] Connection closed. Code: 4001, reason: connection_lifetime @ https://www.figma.com/webpack-artifacts/assets/vendor-core-229ba1ea832d24ba.min.js.br:53
